<?xml version="1.0" encoding="UTF-8"?>
<testsuite xmlns:xsi="http://www.w3.org/2001/XMLSchema-instance" xsi:noNamespaceSchemaLocation="https://maven.apache.org/surefire/maven-surefire-plugin/xsd/surefire-test-report.xsd" name="com.ecs160.hw.AppTest" time="0.011" tests="7" errors="0" skipped="0" failures="0">
  <properties>
[...]
</properties>
  <testcase name="testJsonHandler" classname="com.ecs160.hw.AppTest" time="0.002"/>
  <testcase name="testJsonNulls" classname="com.ecs160.hw.AppTest" time="0"/>
  <testcase name="testIssueCreation" classname="com.ecs160.hw.AppTest" time="0"/>
  <testcase name="testIssueWithId" classname="com.ecs160.hw.AppTest" time="0"/>
  <testcase name="testEquals" classname="com.ecs160.hw.AppTest" time="0"/>
  <testcase name="testSetters" classname="com.ecs160.hw.AppTest" time="0"/>
  <testcase name="testJsonEscaping" classname="com.ecs160.hw.AppTest" time="0.001"/>
</testsuite>